ISim log file
Running: F:\zabtdars\azmanteghi\hw7\98243038_mohammadtahani\SingleCycleprocessor\testbench_isim_beh.exe -intstyle ise -gui -tclbatch isim.cmd -wdb F:/zabtdars/azmanteghi/hw7/98243038_mohammadtahani/SingleCycleprocessor/testbench_isim_beh.wdb 
ISim P.20131013 (signature 0x7708f090)
This is a Full version of ISim.
Time resolution is 1 ps
# onerror resume
# wave add /
# run 1000 ns
Simulator is doing circuit initialization process.
at 0 ps, Instance /testbench/uut/imem1/ : Warning: NUMERIC_STD.TO_INTEGER: metavalue detected, returning 0
at 0 ps, Instance /testbench/uut/regfile1/ : Warning: NUMERIC_STD.TO_INTEGER: metavalue detected, returning 0
at 0 ps, Instance /testbench/uut/regfile1/ : Warning: NUMERIC_STD.TO_INTEGER: metavalue detected, returning 0
at 0 ps, Instance /testbench/uut/alu1/ : Warning: There is an 'U'|'X'|'W'|'Z'|'-' in an arithmetic operand, the result will be 'X'(es).
at 0 ps, Instance /testbench/uut/alu1/ : Warning: NUMERIC_STD.TO_INTEGER: metavalue detected, returning 0
at 0 ps, Instance /testbench/uut/alu1/ : Warning: NUMERIC_STD.TO_INTEGER: metavalue detected, returning 0
at 0 ps, Instance /testbench/uut/alu1/ : Warning: NUMERIC_STD.TO_INTEGER: metavalue detected, returning 0
at 0 ps, Instance /testbench/uut/alu1/ : Warning: NUMERIC_STD.TO_INTEGER: metavalue detected, returning 0
at 0 ps, Instance /testbench/uut/alu1/ : Warning: NUMERIC_STD.TO_INTEGER: metavalue detected, returning 0
at 0 ps, Instance /testbench/uut/alu1/ : Warning: NUMERIC_STD.TO_INTEGER: metavalue detected, returning 0
at 0 ps, Instance /testbench/uut/alu1/ : Warning: CONV_INTEGER: There is an 'U'|'X'|'W'|'Z'|'-' in an arithmetic operand, and it has been converted to 0.
at 0 ps, Instance /testbench/uut/alu1/ : Warning: CONV_INTEGER: There is an 'U'|'X'|'W'|'Z'|'-' in an arithmetic operand, and it has been converted to 0.
at 0 ps, Instance /testbench/uut/alu1/ : Warning: CONV_INTEGER: There is an 'U'|'X'|'W'|'Z'|'-' in an arithmetic operand, and it has been converted to 0.
at 0 ps, Instance /testbench/uut/dmem1/ : Warning: NUMERIC_STD.TO_INTEGER: metavalue detected, returning 0
Finished circuit initialization process.
at 0 ps, Instance /testbench/uut/imem1/ : Warning: NUMERIC_STD.TO_INTEGER: metavalue detected, returning 0
at 0 ps, Instance /testbench/uut/alu1/ : Warning: CONV_INTEGER: There is an 'U'|'X'|'W'|'Z'|'-' in an arithmetic operand, and it has been converted to 0.
at 0 ps, Instance /testbench/uut/alu1/ : Warning: CONV_INTEGER: There is an 'U'|'X'|'W'|'Z'|'-' in an arithmetic operand, and it has been converted to 0.
at 0 ps, Instance /testbench/uut/alu1/ : Warning: CONV_INTEGER: There is an 'U'|'X'|'W'|'Z'|'-' in an arithmetic operand, and it has been converted to 0.
at 0 ps, Instance /testbench/uut/dmem1/ : Warning: NUMERIC_STD.TO_INTEGER: metavalue detected, returning 0
at 0 ps, Instance /testbench/uut/alu1/ : Warning: NUMERIC_STD.TO_INTEGER: metavalue detected, returning 0
at 0 ps, Instance /testbench/uut/alu1/ : Warning: NUMERIC_STD.TO_INTEGER: metavalue detected, returning 0
at 0 ps, Instance /testbench/uut/alu1/ : Warning: NUMERIC_STD.TO_INTEGER: metavalue detected, returning 0
at 0 ps, Instance /testbench/uut/alu1/ : Warning: NUMERIC_STD.TO_INTEGER: metavalue detected, returning 0
at 0 ps, Instance /testbench/uut/alu1/ : Warning: NUMERIC_STD.TO_INTEGER: metavalue detected, returning 0
at 0 ps, Instance /testbench/uut/alu1/ : Warning: NUMERIC_STD.TO_INTEGER: metavalue detected, returning 0
at 0 ps, Instance /testbench/uut/dmem1/ : Warning: NUMERIC_STD.TO_INTEGER: metavalue detected, returning 0
at 135 ns(9), Instance /testbench/uut/dmem1/ : Warning: NUMERIC_STD.TO_INTEGER: metavalue detected, returning 0
at 175 ns(5), Instance /testbench/uut/alu1/ : Warning: NUMERIC_STD.TO_INTEGER: metavalue detected, returning 0
at 175 ns(5), Instance /testbench/uut/alu1/ : Warning: NUMERIC_STD.TO_INTEGER: metavalue detected, returning 0
at 175 ns(5), Instance /testbench/uut/alu1/ : Warning: NUMERIC_STD.TO_INTEGER: metavalue detected, returning 0
at 175 ns(5), Instance /testbench/uut/alu1/ : Warning: NUMERIC_STD.TO_INTEGER: metavalue detected, returning 0
at 175 ns(5), Instance /testbench/uut/alu1/ : Warning: NUMERIC_STD.TO_INTEGER: metavalue detected, returning 0
at 175 ns(5), Instance /testbench/uut/alu1/ : Warning: NUMERIC_STD.TO_INTEGER: metavalue detected, returning 0
at 175 ns(7), Instance /testbench/uut/dmem1/ : Warning: NUMERIC_STD.TO_INTEGER: metavalue detected, returning 0
at 225 ns(5), Instance /testbench/uut/alu1/ : Warning: NUMERIC_STD.TO_INTEGER: metavalue detected, returning 0
at 225 ns(5), Instance /testbench/uut/alu1/ : Warning: NUMERIC_STD.TO_INTEGER: metavalue detected, returning 0
at 225 ns(5), Instance /testbench/uut/alu1/ : Warning: NUMERIC_STD.TO_INTEGER: metavalue detected, returning 0
at 225 ns(5), Instance /testbench/uut/alu1/ : Warning: NUMERIC_STD.TO_INTEGER: metavalue detected, returning 0
at 225 ns(5), Instance /testbench/uut/alu1/ : Warning: NUMERIC_STD.TO_INTEGER: metavalue detected, returning 0
at 225 ns(5), Instance /testbench/uut/alu1/ : Warning: NUMERIC_STD.TO_INTEGER: metavalue detected, returning 0
at 225 ns(7), Instance /testbench/uut/dmem1/ : Warning: NUMERIC_STD.TO_INTEGER: metavalue detected, returning 0
at 275 ns(5), Instance /testbench/uut/alu1/ : Warning: NUMERIC_STD.TO_INTEGER: metavalue detected, returning 0
at 275 ns(5), Instance /testbench/uut/alu1/ : Warning: NUMERIC_STD.TO_INTEGER: metavalue detected, returning 0
at 275 ns(5), Instance /testbench/uut/alu1/ : Warning: NUMERIC_STD.TO_INTEGER: metavalue detected, returning 0
at 275 ns(5), Instance /testbench/uut/alu1/ : Warning: NUMERIC_STD.TO_INTEGER: metavalue detected, returning 0
at 275 ns(5), Instance /testbench/uut/alu1/ : Warning: NUMERIC_STD.TO_INTEGER: metavalue detected, returning 0
at 275 ns(5), Instance /testbench/uut/alu1/ : Warning: NUMERIC_STD.TO_INTEGER: metavalue detected, returning 0
at 275 ns(7), Instance /testbench/uut/dmem1/ : Warning: NUMERIC_STD.TO_INTEGER: metavalue detected, returning 0
at 325 ns(5), Instance /testbench/uut/alu1/ : Warning: NUMERIC_STD.TO_INTEGER: metavalue detected, returning 0
at 325 ns(5), Instance /testbench/uut/alu1/ : Warning: NUMERIC_STD.TO_INTEGER: metavalue detected, returning 0
at 325 ns(5), Instance /testbench/uut/alu1/ : Warning: NUMERIC_STD.TO_INTEGER: metavalue detected, returning 0
at 325 ns(5), Instance /testbench/uut/alu1/ : Warning: NUMERIC_STD.TO_INTEGER: metavalue detected, returning 0
at 325 ns(5), Instance /testbench/uut/alu1/ : Warning: NUMERIC_STD.TO_INTEGER: metavalue detected, returning 0
at 325 ns(5), Instance /testbench/uut/alu1/ : Warning: NUMERIC_STD.TO_INTEGER: metavalue detected, returning 0
at 325 ns(7), Instance /testbench/uut/dmem1/ : Warning: NUMERIC_STD.TO_INTEGER: metavalue detected, returning 0
at 375 ns(5), Instance /testbench/uut/alu1/ : Warning: NUMERIC_STD.TO_INTEGER: metavalue detected, returning 0
at 375 ns(5), Instance /testbench/uut/alu1/ : Warning: NUMERIC_STD.TO_INTEGER: metavalue detected, returning 0
at 375 ns(5), Instance /testbench/uut/alu1/ : Warning: NUMERIC_STD.TO_INTEGER: metavalue detected, returning 0
at 375 ns(5), Instance /testbench/uut/alu1/ : Warning: NUMERIC_STD.TO_INTEGER: metavalue detected, returning 0
at 375 ns(5), Instance /testbench/uut/alu1/ : Warning: NUMERIC_STD.TO_INTEGER: metavalue detected, returning 0
at 375 ns(5), Instance /testbench/uut/alu1/ : Warning: NUMERIC_STD.TO_INTEGER: metavalue detected, returning 0
at 375 ns(7), Instance /testbench/uut/dmem1/ : Warning: NUMERIC_STD.TO_INTEGER: metavalue detected, returning 0
at 425 ns(5), Instance /testbench/uut/alu1/ : Warning: NUMERIC_STD.TO_INTEGER: metavalue detected, returning 0
at 425 ns(5), Instance /testbench/uut/alu1/ : Warning: NUMERIC_STD.TO_INTEGER: metavalue detected, returning 0
at 425 ns(5), Instance /testbench/uut/alu1/ : Warning: NUMERIC_STD.TO_INTEGER: metavalue detected, returning 0
at 425 ns(5), Instance /testbench/uut/alu1/ : Warning: NUMERIC_STD.TO_INTEGER: metavalue detected, returning 0
at 425 ns(5), Instance /testbench/uut/alu1/ : Warning: NUMERIC_STD.TO_INTEGER: metavalue detected, returning 0
at 425 ns(5), Instance /testbench/uut/alu1/ : Warning: NUMERIC_STD.TO_INTEGER: metavalue detected, returning 0
at 425 ns(7), Instance /testbench/uut/dmem1/ : Warning: NUMERIC_STD.TO_INTEGER: metavalue detected, returning 0
at 475 ns(5), Instance /testbench/uut/alu1/ : Warning: NUMERIC_STD.TO_INTEGER: metavalue detected, returning 0
at 475 ns(5), Instance /testbench/uut/alu1/ : Warning: NUMERIC_STD.TO_INTEGER: metavalue detected, returning 0
at 475 ns(5), Instance /testbench/uut/alu1/ : Warning: NUMERIC_STD.TO_INTEGER: metavalue detected, returning 0
at 475 ns(5), Instance /testbench/uut/alu1/ : Warning: NUMERIC_STD.TO_INTEGER: metavalue detected, returning 0
at 475 ns(5), Instance /testbench/uut/alu1/ : Warning: NUMERIC_STD.TO_INTEGER: metavalue detected, returning 0
at 475 ns(5), Instance /testbench/uut/alu1/ : Warning: NUMERIC_STD.TO_INTEGER: metavalue detected, returning 0
at 475 ns(7), Instance /testbench/uut/dmem1/ : Warning: NUMERIC_STD.TO_INTEGER: metavalue detected, returning 0
at 525 ns(5), Instance /testbench/uut/alu1/ : Warning: NUMERIC_STD.TO_INTEGER: metavalue detected, returning 0
at 525 ns(5), Instance /testbench/uut/alu1/ : Warning: NUMERIC_STD.TO_INTEGER: metavalue detected, returning 0
at 525 ns(5), Instance /testbench/uut/alu1/ : Warning: NUMERIC_STD.TO_INTEGER: metavalue detected, returning 0
at 525 ns(5), Instance /testbench/uut/alu1/ : Warning: NUMERIC_STD.TO_INTEGER: metavalue detected, returning 0
at 525 ns(5), Instance /testbench/uut/alu1/ : Warning: NUMERIC_STD.TO_INTEGER: metavalue detected, returning 0
at 525 ns(5), Instance /testbench/uut/alu1/ : Warning: NUMERIC_STD.TO_INTEGER: metavalue detected, returning 0
at 525 ns(7), Instance /testbench/uut/dmem1/ : Warning: NUMERIC_STD.TO_INTEGER: metavalue detected, returning 0
at 575 ns(5), Instance /testbench/uut/alu1/ : Warning: NUMERIC_STD.TO_INTEGER: metavalue detected, returning 0
at 575 ns(5), Instance /testbench/uut/alu1/ : Warning: NUMERIC_STD.TO_INTEGER: metavalue detected, returning 0
at 575 ns(5), Instance /testbench/uut/alu1/ : Warning: NUMERIC_STD.TO_INTEGER: metavalue detected, returning 0
at 575 ns(5), Instance /testbench/uut/alu1/ : Warning: NUMERIC_STD.TO_INTEGER: metavalue detected, returning 0
at 575 ns(5), Instance /testbench/uut/alu1/ : Warning: NUMERIC_STD.TO_INTEGER: metavalue detected, returning 0
at 575 ns(5), Instance /testbench/uut/alu1/ : Warning: NUMERIC_STD.TO_INTEGER: metavalue detected, returning 0
at 575 ns(7), Instance /testbench/uut/dmem1/ : Warning: NUMERIC_STD.TO_INTEGER: metavalue detected, returning 0
at 625 ns(5), Instance /testbench/uut/alu1/ : Warning: NUMERIC_STD.TO_INTEGER: metavalue detected, returning 0
at 625 ns(5), Instance /testbench/uut/alu1/ : Warning: NUMERIC_STD.TO_INTEGER: metavalue detected, returning 0
at 625 ns(5), Instance /testbench/uut/alu1/ : Warning: NUMERIC_STD.TO_INTEGER: metavalue detected, returning 0
at 625 ns(5), Instance /testbench/uut/alu1/ : Warning: NUMERIC_STD.TO_INTEGER: metavalue detected, returning 0
at 625 ns(5), Instance /testbench/uut/alu1/ : Warning: NUMERIC_STD.TO_INTEGER: metavalue detected, returning 0
at 625 ns(5), Instance /testbench/uut/alu1/ : Warning: NUMERIC_STD.TO_INTEGER: metavalue detected, returning 0
at 625 ns(7), Instance /testbench/uut/dmem1/ : Warning: NUMERIC_STD.TO_INTEGER: metavalue detected, returning 0
